<?xml version="1.0" encoding="UTF-8"?>
<!-- Generated by org.testng.reporters.JUnitReportReporter -->
<testsuite hostname="LAPTOP-T3SB9B3U" failures="0" tests="1" name="test.VodaphoneInternationalRoamingPageTest" time="24.109" errors="0" timestamp="2022-09-30T16:36:12 IST" skipped="0">
  <testcase classname="test.VodaphoneInternationalRoamingPageTest" name="validateViInternationalRoaming" time="24.109"/>
  <system-out/>
</testsuite> <!-- test.VodaphoneInternationalRoamingPageTest -->
